----------

Tue May 05 2020 20:44:53 GMT+0200 (Central European Summer Time)

warning: LF will be replaced by CRLF in assets/bootstrap/css/bootstrap.min.css.
The file will have its original line endings in your working directory


----------

Tue May 05 2020 20:44:53 GMT+0200 (Central European Summer Time)

warning: LF will be replaced by CRLF in assets/bootstrap/fonts/glyphicons-halflings-regular.svg.
The file will have its original line endings in your working directory


----------

Tue May 05 2020 20:44:53 GMT+0200 (Central European Summer Time)

warning: LF will be replaced by CRLF in assets/bootstrap/js/bootstrap.min.js.
The file will have its original line endings in your working directory


----------

Tue May 05 2020 20:44:53 GMT+0200 (Central European Summer Time)

warning: LF will be replaced by CRLF in assets/css/user.css.
The file will have its original line endings in your working directory


----------

Tue May 05 2020 20:44:53 GMT+0200 (Central European Summer Time)

warning: LF will be replaced by CRLF in assets/fonts/font-awesome.min.css.
The file will have its original line endings in your working directory


----------

Tue May 05 2020 20:44:53 GMT+0200 (Central European Summer Time)

warning: LF will be replaced by CRLF in assets/fonts/fontawesome-webfont.svg.
The file will have its original line endings in your working directory


----------

Tue May 05 2020 20:44:54 GMT+0200 (Central European Summer Time)

warning: LF will be replaced by CRLF in assets/js/jquery.min.js.
The file will have its original line endings in your working directory


----------

Tue May 05 2020 20:44:54 GMT+0200 (Central European Summer Time)

warning: LF will be replaced by CRLF in index.html.
The file will have its original line endings in your working directory


----------

Tue May 05 2020 20:45:01 GMT+0200 (Central European Summer Time)

To github.com:Newcastle-Student-TV/Newcastle-Student-TV.github.io.git
   376009c..a92f020  master -> master


----------

Tue May 05 2020 20:45:05 GMT+0200 (Central European Summer Time)

Everything up-to-date


